1636932795016	geckodriver	INFO	Listening on 127.0.0.1:55236
1636932824464	geckodriver	INFO	Listening on 127.0.0.1:55257
1636932827559	mozrunner::runner	INFO	Running command: "C:\\Program Files\\Mozilla Firefox\\firefox.exe" "--marionette" "-headless" "-no-remote" "-profile" "C:\\Users\\hiago\\AppData\\Local\\Temp\\rust_mozprofilelISwTi"
*** You are running in headless mode.
1636932827793	Marionette	INFO	Marionette enabled
[GFX1-]: RenderCompositorSWGL failed mapping default framebuffer, no dt
console.warn: SearchSettings: "get: No settings file exists, new profile?" (new NotFoundError("Could not open the file at C:\\Users\\hiago\\AppData\\Local\\Temp\\rust_mozprofilelISwTi\\search.json.mozlz4", (void 0)))
1636932828593	Marionette	INFO	Listening on port 55265
1636932829112	RemoteAgent	WARN	TLS certificate errors will be ignored for this session
1636932873983	geckodriver	INFO	Listening on 127.0.0.1:55410
1636932877064	mozrunner::runner	INFO	Running command: "C:\\Program Files\\Mozilla Firefox\\firefox.exe" "--marionette" "-headless" "-no-remote" "-profile" "C:\\Users\\hiago\\AppData\\Local\\Temp\\rust_mozprofileUCBWRO"
*** You are running in headless mode.
1636932877269	Marionette	INFO	Marionette enabled
[GFX1-]: RenderCompositorSWGL failed mapping default framebuffer, no dt
console.warn: SearchSettings: "get: No settings file exists, new profile?" (new NotFoundError("Could not open the file at C:\\Users\\hiago\\AppData\\Local\\Temp\\rust_mozprofileUCBWRO\\search.json.mozlz4", (void 0)))
1636932878058	Marionette	INFO	Listening on port 55419
1636932878090	RemoteAgent	WARN	TLS certificate errors will be ignored for this session
1636932886622	Marionette	INFO	Stopped listening on port 55419

###!!! [Parent][RunMessage] Error: Channel closing: too late to send/recv, messages will be lost

1636932909694	geckodriver	INFO	Listening on 127.0.0.1:55519
1636932912744	mozrunner::runner	INFO	Running command: "C:\\Program Files\\Mozilla Firefox\\firefox.exe" "--marionette" "-headless" "-no-remote" "-profile" "C:\\Users\\hiago\\AppData\\Local\\Temp\\rust_mozprofilelmE1CZ"
*** You are running in headless mode.
1636932912953	Marionette	INFO	Marionette enabled
[GFX1-]: RenderCompositorSWGL failed mapping default framebuffer, no dt
console.warn: SearchSettings: "get: No settings file exists, new profile?" (new NotFoundError("Could not open the file at C:\\Users\\hiago\\AppData\\Local\\Temp\\rust_mozprofilelmE1CZ\\search.json.mozlz4", (void 0)))
1636932913750	Marionette	INFO	Listening on port 55529
1636932913775	RemoteAgent	WARN	TLS certificate errors will be ignored for this session
1636932930702	Marionette	INFO	Stopped listening on port 55529
1636932943220	geckodriver	INFO	Listening on 127.0.0.1:55625
1636932946253	mozrunner::runner	INFO	Running command: "C:\\Program Files\\Mozilla Firefox\\firefox.exe" "--marionette" "-headless" "-no-remote" "-profile" "C:\\Users\\hiago\\AppData\\Local\\Temp\\rust_mozprofilesywQea"
*** You are running in headless mode.
1636932946478	Marionette	INFO	Marionette enabled
[GFX1-]: RenderCompositorSWGL failed mapping default framebuffer, no dt
console.warn: SearchSettings: "get: No settings file exists, new profile?" (new NotFoundError("Could not open the file at C:\\Users\\hiago\\AppData\\Local\\Temp\\rust_mozprofilesywQea\\search.json.mozlz4", (void 0)))
1636932947283	Marionette	INFO	Listening on port 55633
1636932947795	RemoteAgent	WARN	TLS certificate errors will be ignored for this session
1636932971644	Marionette	INFO	Stopped listening on port 55633

###!!! [Parent][RunMessage] Error: Channel closing: too late to send/recv, messages will be lost

1636933003757	geckodriver	INFO	Listening on 127.0.0.1:55734
1636933006786	mozrunner::runner	INFO	Running command: "C:\\Program Files\\Mozilla Firefox\\firefox.exe" "--marionette" "-headless" "-no-remote" "-profile" "C:\\Users\\hiago\\AppData\\Local\\Temp\\rust_mozprofileuvp4gM"
*** You are running in headless mode.
1636933007003	Marionette	INFO	Marionette enabled
[GFX1-]: RenderCompositorSWGL failed mapping default framebuffer, no dt
console.warn: SearchSettings: "get: No settings file exists, new profile?" (new NotFoundError("Could not open the file at C:\\Users\\hiago\\AppData\\Local\\Temp\\rust_mozprofileuvp4gM\\search.json.mozlz4", (void 0)))
1636933007821	Marionette	INFO	Listening on port 55742
1636933008317	RemoteAgent	WARN	TLS certificate errors will be ignored for this session
